<?xml version="1.0" encoding="UTF-8"?>
<!-- Generated by org.testng.reporters.JUnitReportReporter -->
<testsuite skipped="0" hostname="Surajk-PC" name="com.mobile.testcase.Test" tests="1" failures="0" timestamp="07 May 2020 11:08:24 GMT" time="65.723" errors="0">
  <testcase name="TestDemo" time="65.723" classname="com.mobile.testcase.Test"/>
</testsuite> <!-- com.mobile.testcase.Test -->
