<?xml version="1.0" encoding="UTF-8"?>
<!-- Generated by org.testng.reporters.JUnitReportReporter -->
<testsuite skipped="2" hostname="Surajk-PC" name="com.mystore.demo.testcase.TC01" tests="3" failures="0" timestamp="14 May 2020 07:22:07 GMT" time="13.227" errors="0">
  <testcase name="TC_VerifyRegistration" time="13.227" classname="com.mystore.demo.testcase.TC01"/>
  <testcase name="TC_verifyAlertMessageOfCommunity" classname="com.mystore.demo.testcase.TC01">
    <skipped/>
  </testcase> <!-- TC_verifyAlertMessageOfCommunity -->
  <testcase name="TC_verifyAlertMessageOfDateOfBirth" classname="com.mystore.demo.testcase.TC01">
    <skipped/>
  </testcase> <!-- TC_verifyAlertMessageOfDateOfBirth -->
</testsuite> <!-- com.mystore.demo.testcase.TC01 -->
